<?xml version="1.0" encoding="UTF-8"?>
<testng-results skipped="0" failed="0" ignored="0" total="1" passed="1">
  <reporter-output>
  </reporter-output>
  <suite name="Default suite" duration-ms="16370" started-at="2023-09-20T09:03:40Z" finished-at="2023-09-20T09:03:56Z">
    <groups>
    </groups>
    <test name="Default test" duration-ms="16370" started-at="2023-09-20T09:03:40Z" finished-at="2023-09-20T09:03:56Z">
      <class name="testNg.Login">
        <test-method status="PASS" signature="launchreport()[pri:0, instance:testNg.Login@4f18837a]" name="launchreport" is-config="true" duration-ms="360" started-at="2023-09-20T09:03:39Z" finished-at="2023-09-20T09:03:40Z">
          <reporter-output>
          </reporter-output>
        </test-method> <!-- launchreport -->
        <test-method status="PASS" signature="LaunchBrowser()[pri:0, instance:testNg.Login@4f18837a]" name="LaunchBrowser" is-config="true" duration-ms="5917" started-at="2023-09-20T09:03:40Z" finished-at="2023-09-20T09:03:46Z">
          <reporter-output>
          </reporter-output>
        </test-method> <!-- LaunchBrowser -->
        <test-method status="PASS" signature="testmain()[pri:1, instance:testNg.Login@4f18837a]" name="testmain" duration-ms="10391" started-at="2023-09-20T09:03:46Z" finished-at="2023-09-20T09:03:56Z">
          <reporter-output>
          </reporter-output>
        </test-method> <!-- testmain -->
        <test-method status="PASS" signature="stat(org.testng.ITestResult)[pri:0, instance:testNg.Login@4f18837a]" name="stat" is-config="true" duration-ms="31" started-at="2023-09-20T09:03:56Z" finished-at="2023-09-20T09:03:56Z">
          <params>
            <param index="0">
              <value>
                <![CDATA[[TestResult name=testmain status=SUCCESS method=Login.testmain()[pri:1, instance:testNg.Login@4f18837a] output={null}]]]>
              </value>
            </param>
          </params>
          <reporter-output>
          </reporter-output>
        </test-method> <!-- stat -->
        <test-method status="PASS" signature="savereport()[pri:0, instance:testNg.Login@4f18837a]" name="savereport" is-config="true" duration-ms="391" started-at="2023-09-20T09:03:56Z" finished-at="2023-09-20T09:03:57Z">
          <reporter-output>
          </reporter-output>
        </test-method> <!-- savereport -->
      </class> <!-- testNg.Login -->
    </test> <!-- Default test -->
  </suite> <!-- Default suite -->
</testng-results>
